1714988880.026585 client started (20464): version 3.0a, socket /tmp//tmux-1000/default, protocol 8
1714988880.026601 on Linux 5.15.146.1-microsoft-standard-WSL2 #1 SMP Thu Jan 11 04:09:03 UTC 2024; libevent 2.1.11-stable (poll)
1714988880.026610 socket is /tmp//tmux-1000/default
1714988880.026617 trying connect
1714988880.026671 add peer 0x55f95125c860: 6 ((nil))
1714988880.026718 sending message 100 to peer 0x55f95125c860 (4 bytes)
1714988880.026723 sending message 101 to peer 0x55f95125c860 (7 bytes)
1714988880.026726 sending message 102 to peer 0x55f95125c860 (11 bytes)
1714988880.026728 sending message 108 to peer 0x55f95125c860 (55 bytes)
1714988880.026730 sending message 104 to peer 0x55f95125c860 (0 bytes)
1714988880.026733 sending message 107 to peer 0x55f95125c860 (4 bytes)
1714988880.026735 sending message 105 to peer 0x55f95125c860 (54 bytes)
1714988880.026737 sending message 105 to peer 0x55f95125c860 (11 bytes)
1714988880.026740 sending message 105 to peer 0x55f95125c860 (82 bytes)
1714988880.026742 sending message 105 to peer 0x55f95125c860 (250 bytes)
1714988880.026744 sending message 105 to peer 0x55f95125c860 (205 bytes)
1714988880.026746 sending message 105 to peer 0x55f95125c860 (15 bytes)
1714988880.026749 sending message 105 to peer 0x55f95125c860 (16 bytes)
1714988880.026751 sending message 105 to peer 0x55f95125c860 (13 bytes)
1714988880.026753 sending message 105 to peer 0x55f95125c860 (8 bytes)
1714988880.026755 sending message 105 to peer 0x55f95125c860 (12 bytes)
1714988880.026758 sending message 105 to peer 0x55f95125c860 (32 bytes)
1714988880.026760 sending message 105 to peer 0x55f95125c860 (1506 bytes)
1714988880.026767 sending message 105 to peer 0x55f95125c860 (16 bytes)
1714988880.026769 sending message 105 to peer 0x55f95125c860 (49 bytes)
1714988880.026771 sending message 105 to peer 0x55f95125c860 (16 bytes)
1714988880.026774 sending message 105 to peer 0x55f95125c860 (23 bytes)
1714988880.026776 sending message 105 to peer 0x55f95125c860 (58 bytes)
1714988880.026778 sending message 105 to peer 0x55f95125c860 (29 bytes)
1714988880.026781 sending message 105 to peer 0x55f95125c860 (11 bytes)
1714988880.026783 sending message 105 to peer 0x55f95125c860 (2382 bytes)
1714988880.026789 sending message 105 to peer 0x55f95125c860 (38 bytes)
1714988880.026792 sending message 105 to peer 0x55f95125c860 (40 bytes)
1714988880.026794 sending message 105 to peer 0x55f95125c860 (59 bytes)
1714988880.026796 sending message 105 to peer 0x55f95125c860 (19 bytes)
1714988880.026798 sending message 105 to peer 0x55f95125c860 (8 bytes)
1714988880.026801 sending message 105 to peer 0x55f95125c860 (12 bytes)
1714988880.026803 sending message 105 to peer 0x55f95125c860 (36 bytes)
1714988880.026805 sending message 105 to peer 0x55f95125c860 (13 bytes)
1714988880.026807 sending message 105 to peer 0x55f95125c860 (50 bytes)
1714988880.026809 sending message 105 to peer 0x55f95125c860 (9 bytes)
1714988880.026811 sending message 105 to peer 0x55f95125c860 (26 bytes)
1714988880.026814 sending message 105 to peer 0x55f95125c860 (24 bytes)
1714988880.026816 sending message 105 to peer 0x55f95125c860 (33 bytes)
1714988880.026818 sending message 105 to peer 0x55f95125c860 (29 bytes)
1714988880.026820 sending message 105 to peer 0x55f95125c860 (34 bytes)
1714988880.026822 sending message 105 to peer 0x55f95125c860 (53 bytes)
1714988880.026824 sending message 105 to peer 0x55f95125c860 (48 bytes)
1714988880.026827 sending message 105 to peer 0x55f95125c860 (32 bytes)
1714988880.026829 sending message 105 to peer 0x55f95125c860 (25 bytes)
1714988880.026831 sending message 105 to peer 0x55f95125c860 (16 bytes)
1714988880.026833 sending message 105 to peer 0x55f95125c860 (17 bytes)
1714988880.026835 sending message 106 to peer 0x55f95125c860 (0 bytes)
1714988880.026838 sending message 200 to peer 0x55f95125c860 (4 bytes)
1714988880.026840 client loop enter
1714988880.027208 peer 0x55f95125c860 message 211
1714988880.027217 client_write: sessions should be nested with care, unset $TMUX to force\n
1714988880.027245 peer 0x55f95125c860 message 203
1714988880.027257 client loop exit
