1714988893.724814 client started (20532): version 3.0a, socket /tmp/tmux-1000/default, protocol 8
1714988893.724831 on Linux 5.15.146.1-microsoft-standard-WSL2 #1 SMP Thu Jan 11 04:09:03 UTC 2024; libevent 2.1.11-stable (poll)
1714988893.724839 socket is /tmp/tmux-1000/default
1714988893.724846 trying connect
1714988893.724903 add peer 0x558089c2d610: 7 ((nil))
1714988893.724947 sending message 100 to peer 0x558089c2d610 (4 bytes)
1714988893.724952 sending message 101 to peer 0x558089c2d610 (15 bytes)
1714988893.724955 sending message 102 to peer 0x558089c2d610 (11 bytes)
1714988893.724957 sending message 108 to peer 0x558089c2d610 (55 bytes)
1714988893.724959 sending message 104 to peer 0x558089c2d610 (0 bytes)
1714988893.724961 sending message 107 to peer 0x558089c2d610 (4 bytes)
1714988893.724963 sending message 105 to peer 0x558089c2d610 (16 bytes)
1714988893.724965 sending message 105 to peer 0x558089c2d610 (13 bytes)
1714988893.724968 sending message 105 to peer 0x558089c2d610 (2382 bytes)
1714988893.724977 sending message 105 to peer 0x558089c2d610 (20 bytes)
1714988893.724979 sending message 105 to peer 0x558089c2d610 (32 bytes)
1714988893.724981 sending message 105 to peer 0x558089c2d610 (11 bytes)
1714988893.724984 sending message 105 to peer 0x558089c2d610 (26 bytes)
1714988893.724986 sending message 105 to peer 0x558089c2d610 (40 bytes)
1714988893.724988 sending message 105 to peer 0x558089c2d610 (24 bytes)
1714988893.724990 sending message 105 to peer 0x558089c2d610 (33 bytes)
1714988893.724992 sending message 105 to peer 0x558089c2d610 (48 bytes)
1714988893.724994 sending message 105 to peer 0x558089c2d610 (53 bytes)
1714988893.724996 sending message 105 to peer 0x558089c2d610 (35 bytes)
1714988893.724998 sending message 105 to peer 0x558089c2d610 (16 bytes)
1714988893.725000 sending message 105 to peer 0x558089c2d610 (15 bytes)
1714988893.725002 sending message 105 to peer 0x558089c2d610 (9 bytes)
1714988893.725004 sending message 105 to peer 0x558089c2d610 (12 bytes)
1714988893.725006 sending message 105 to peer 0x558089c2d610 (19 bytes)
1714988893.725008 sending message 105 to peer 0x558089c2d610 (29 bytes)
1714988893.725010 sending message 105 to peer 0x558089c2d610 (54 bytes)
1714988893.725012 sending message 105 to peer 0x558089c2d610 (8 bytes)
1714988893.725014 sending message 105 to peer 0x558089c2d610 (59 bytes)
1714988893.725016 sending message 105 to peer 0x558089c2d610 (29 bytes)
1714988893.725018 sending message 105 to peer 0x558089c2d610 (25 bytes)
1714988893.725020 sending message 105 to peer 0x558089c2d610 (11 bytes)
1714988893.725022 sending message 105 to peer 0x558089c2d610 (8 bytes)
1714988893.725024 sending message 105 to peer 0x558089c2d610 (32 bytes)
1714988893.725026 sending message 105 to peer 0x558089c2d610 (1506 bytes)
1714988893.725029 sending message 105 to peer 0x558089c2d610 (23 bytes)
1714988893.725031 sending message 105 to peer 0x558089c2d610 (16 bytes)
1714988893.725034 sending message 105 to peer 0x558089c2d610 (49 bytes)
1714988893.725036 sending message 105 to peer 0x558089c2d610 (58 bytes)
1714988893.725038 sending message 105 to peer 0x558089c2d610 (38 bytes)
1714988893.725040 sending message 105 to peer 0x558089c2d610 (205 bytes)
1714988893.725042 sending message 105 to peer 0x558089c2d610 (250 bytes)
1714988893.725044 sending message 105 to peer 0x558089c2d610 (82 bytes)
1714988893.725046 sending message 105 to peer 0x558089c2d610 (16 bytes)
1714988893.725048 sending message 106 to peer 0x558089c2d610 (0 bytes)
1714988893.725050 sending message 200 to peer 0x558089c2d610 (4 bytes)
1714988893.725053 client loop enter
1714988893.726956 peer 0x558089c2d610 message 207
1714988893.726966 sending message 208 to peer 0x558089c2d610 (0 bytes)
1714988898.424988 peer 0x558089c2d610 message 203
1714988898.425042 sending message 205 to peer 0x558089c2d610 (0 bytes)
1714988898.426309 peer 0x558089c2d610 message 204
1714988898.426349 client loop exit
